<?xml version="1.0" encoding="UTF-8"?>
<!-- Generated by org.testng.reporters.JUnitXMLReporter -->
<testsuite ignored="0" hostname="LAPTOP-Q3OPFRF3" failures="1" tests="9" name="Test" time="0.143" errors="0" timestamp="2022-11-04T11:01:38 IST">
  <testcase classname="TestNG.A2" name="TC4" time="0.014"/>
  <testcase classname="TestNG.A2" name="TC5" time="0.006">
    <failure type="java.lang.AssertionError" message="null">
      <![CDATA[java.lang.AssertionError: null
at TestNG.A2.TC5(A2.java:15)
at java.base/java.util.ArrayList.forEach(ArrayList.java:1511)
... Removed 29 stack frames]]>
    </failure>
  </testcase> <!-- TC5 -->
  <testcase classname="TestNG.A2" name="TC6" time="0.003"/>
  <testcase classname="TestNG.A3" name="TC7" time="0.002"/>
  <testcase classname="TestNG.A3" name="TC8" time="0.002"/>
  <testcase classname="TestNG.A3" name="TC9" time="0.002"/>
  <testcase classname="TestNG.A1" name="TC1" time="0.002"/>
  <testcase classname="TestNG.A1" name="TC2" time="0.001"/>
  <testcase classname="TestNG.A1" name="TC3" time="0.002"/>
</testsuite> <!-- Test -->
