<?xml version="1.0" encoding="UTF-8"?>
<testng-results ignored="0" total="1" passed="1" failed="0" skipped="0">
  <reporter-output>
    <line>
      <![CDATA[Tc1 is running]]>
    </line>
  </reporter-output>
  <suite started-at="2022-11-10T09:23:05 IST" name="Default suite" finished-at="2022-11-10T09:23:05 IST" duration-ms="202">
    <groups>
    </groups>
    <test started-at="2022-11-10T09:23:05 IST" name="Default test" finished-at="2022-11-10T09:23:05 IST" duration-ms="202">
      <class name="TestNG_Assert.Assert_equals">
        <test-method signature="Tc1()[pri:0, instance:TestNG_Assert.Assert_equals@383bfa16]" started-at="2022-11-10T09:23:05 IST" name="Tc1" finished-at="2022-11-10T09:23:05 IST" duration-ms="36" status="PASS">
          <reporter-output>
            <line>
              <![CDATA[Tc1 is running]]>
            </line>
          </reporter-output>
        </test-method> <!-- Tc1 -->
      </class> <!-- TestNG_Assert.Assert_equals -->
    </test> <!-- Default test -->
  </suite> <!-- Default suite -->
</testng-results>
